2012-06-07 15:34:09,078 INFO [org.springframework.context.support.ClassPathXmlApplicationContext] - Refreshing org.springframework.context.support.ClassPathXmlApplicationContext@53ba3d: startup date [Thu Jun 07 15:34:09 IST 2012]; root of context hierarchy
2012-06-07 15:34:09,125 INFO [org.springframework.beans.factory.xml.XmlBeanDefinitionReader] - Loading XML bean definitions from class path resource [message.xml]
2012-06-07 15:34:09,312 INFO [org.springframework.beans.factory.support.DefaultListableBeanFactory] - Pre-instantiating singletons in org.springframework.beans.factory.support.DefaultListableBeanFactory@1adc30: defining beans [messageSource]; root of factory hierarchy
2012-06-07 15:34:23,000 INFO [org.springframework.context.support.ClassPathXmlApplicationContext] - Refreshing org.springframework.context.support.ClassPathXmlApplicationContext@53ba3d: startup date [Thu Jun 07 15:34:23 IST 2012]; root of context hierarchy
2012-06-07 15:34:23,046 INFO [org.springframework.beans.factory.xml.XmlBeanDefinitionReader] - Loading XML bean definitions from class path resource [message.xml]
2012-06-07 15:34:23,218 INFO [org.springframework.beans.factory.support.DefaultListableBeanFactory] - Pre-instantiating singletons in org.springframework.beans.factory.support.DefaultListableBeanFactory@1adc30: defining beans [messageSource]; root of factory hierarchy
2012-06-07 15:36:21,807 INFO [org.springframework.context.support.ClassPathXmlApplicationContext] - Refreshing org.springframework.context.support.ClassPathXmlApplicationContext@67ac19: startup date [Thu Jun 07 15:36:21 IST 2012]; root of context hierarchy
2012-06-07 15:36:21,869 INFO [org.springframework.beans.factory.xml.XmlBeanDefinitionReader] - Loading XML bean definitions from class path resource [message.xml]
2012-06-07 15:36:22,089 INFO [org.springframework.beans.factory.support.DefaultListableBeanFactory] - Pre-instantiating singletons in org.springframework.beans.factory.support.DefaultListableBeanFactory@1adc30: defining beans [messageSource]; root of factory hierarchy
2012-06-07 15:36:35,599 INFO [org.springframework.context.support.ClassPathXmlApplicationContext] - Refreshing org.springframework.context.support.ClassPathXmlApplicationContext@53ba3d: startup date [Thu Jun 07 15:36:35 IST 2012]; root of context hierarchy
2012-06-07 15:36:35,646 INFO [org.springframework.beans.factory.xml.XmlBeanDefinitionReader] - Loading XML bean definitions from class path resource [message.xml]
2012-06-07 15:36:35,818 INFO [org.springframework.beans.factory.support.DefaultListableBeanFactory] - Pre-instantiating singletons in org.springframework.beans.factory.support.DefaultListableBeanFactory@1adc30: defining beans [messageSource]; root of factory hierarchy
2012-06-07 16:27:11,880 INFO [org.springframework.context.support.ClassPathXmlApplicationContext] - Refreshing org.springframework.context.support.ClassPathXmlApplicationContext@53ba3d: startup date [Thu Jun 07 16:27:11 IST 2012]; root of context hierarchy
2012-06-07 16:27:11,927 INFO [org.springframework.beans.factory.xml.XmlBeanDefinitionReader] - Loading XML bean definitions from class path resource [message.xml]
2012-06-07 16:27:12,099 INFO [org.springframework.beans.factory.support.DefaultListableBeanFactory] - Pre-instantiating singletons in org.springframework.beans.factory.support.DefaultListableBeanFactory@1adc30: defining beans [messageSource]; root of factory hierarchy
2012-06-07 16:27:50,829 INFO [org.springframework.context.support.ClassPathXmlApplicationContext] - Refreshing org.springframework.context.support.ClassPathXmlApplicationContext@67ac19: startup date [Thu Jun 07 16:27:50 IST 2012]; root of context hierarchy
2012-06-07 16:27:50,875 INFO [org.springframework.beans.factory.xml.XmlBeanDefinitionReader] - Loading XML bean definitions from class path resource [message.xml]
2012-06-07 16:27:51,063 INFO [org.springframework.beans.factory.support.DefaultListableBeanFactory] - Pre-instantiating singletons in org.springframework.beans.factory.support.DefaultListableBeanFactory@1adc30: defining beans [messageSource]; root of factory hierarchy
2012-06-07 16:28:35,364 INFO [org.springframework.context.support.ClassPathXmlApplicationContext] - Refreshing org.springframework.context.support.ClassPathXmlApplicationContext@67ac19: startup date [Thu Jun 07 16:28:35 IST 2012]; root of context hierarchy
2012-06-07 16:28:35,427 INFO [org.springframework.beans.factory.xml.XmlBeanDefinitionReader] - Loading XML bean definitions from class path resource [message.xml]
2012-06-07 16:28:35,630 INFO [org.springframework.beans.factory.support.DefaultListableBeanFactory] - Pre-instantiating singletons in org.springframework.beans.factory.support.DefaultListableBeanFactory@2f1921: defining beans [messageSource]; root of factory hierarchy
2012-07-06 11:25:18,961 INFO [org.springframework.context.support.ClassPathXmlApplicationContext] - Refreshing org.springframework.context.support.ClassPathXmlApplicationContext@53ba3d: startup date [Fri Jul 06 11:25:18 IST 2012]; root of context hierarchy
2012-07-06 11:25:19,008 INFO [org.springframework.beans.factory.xml.XmlBeanDefinitionReader] - Loading XML bean definitions from class path resource [message.xml]
2012-07-06 11:25:19,242 INFO [org.springframework.beans.factory.support.DefaultListableBeanFactory] - Pre-instantiating singletons in org.springframework.beans.factory.support.DefaultListableBeanFactory@1adc30: defining beans [messageSource]; root of factory hierarchy
2012-07-06 11:25:36,710 INFO [org.springframework.context.support.ClassPathXmlApplicationContext] - Refreshing org.springframework.context.support.ClassPathXmlApplicationContext@53ba3d: startup date [Fri Jul 06 11:25:36 IST 2012]; root of context hierarchy
2012-07-06 11:25:36,773 INFO [org.springframework.beans.factory.xml.XmlBeanDefinitionReader] - Loading XML bean definitions from class path resource [message.xml]
2012-07-06 11:25:36,944 INFO [org.springframework.beans.factory.support.DefaultListableBeanFactory] - Pre-instantiating singletons in org.springframework.beans.factory.support.DefaultListableBeanFactory@1adc30: defining beans [messageSource]; root of factory hierarchy
2012-07-06 11:50:25,254 INFO [org.springframework.context.support.ClassPathXmlApplicationContext] - Refreshing org.springframework.context.support.ClassPathXmlApplicationContext@53ba3d: startup date [Fri Jul 06 11:50:25 IST 2012]; root of context hierarchy
2012-07-06 11:50:25,301 INFO [org.springframework.beans.factory.xml.XmlBeanDefinitionReader] - Loading XML bean definitions from class path resource [message.xml]
2012-07-06 11:50:25,488 INFO [org.springframework.beans.factory.support.DefaultListableBeanFactory] - Pre-instantiating singletons in org.springframework.beans.factory.support.DefaultListableBeanFactory@1adc30: defining beans [messageSource]; root of factory hierarchy
2012-07-06 11:50:46,691 INFO [org.springframework.context.support.ClassPathXmlApplicationContext] - Refreshing org.springframework.context.support.ClassPathXmlApplicationContext@67ac19: startup date [Fri Jul 06 11:50:46 IST 2012]; root of context hierarchy
2012-07-06 11:50:46,738 INFO [org.springframework.beans.factory.xml.XmlBeanDefinitionReader] - Loading XML bean definitions from class path resource [message.xml]
2012-07-06 11:50:46,910 INFO [org.springframework.beans.factory.support.DefaultListableBeanFactory] - Pre-instantiating singletons in org.springframework.beans.factory.support.DefaultListableBeanFactory@2f1921: defining beans [messageSource]; root of factory hierarchy
2012-07-06 11:51:07,894 INFO [org.springframework.context.support.ClassPathXmlApplicationContext] - Refreshing org.springframework.context.support.ClassPathXmlApplicationContext@53ba3d: startup date [Fri Jul 06 11:51:07 IST 2012]; root of context hierarchy
2012-07-06 11:51:07,956 INFO [org.springframework.beans.factory.xml.XmlBeanDefinitionReader] - Loading XML bean definitions from class path resource [message.xml]
2012-07-06 11:51:08,144 INFO [org.springframework.beans.factory.support.DefaultListableBeanFactory] - Pre-instantiating singletons in org.springframework.beans.factory.support.DefaultListableBeanFactory@1adc30: defining beans [messageSource]; root of factory hierarchy
2012-08-03 10:21:28,978 INFO [org.springframework.context.support.ClassPathXmlApplicationContext] - Refreshing org.springframework.context.support.ClassPathXmlApplicationContext@53c015: startup date [Fri Aug 03 10:21:28 IST 2012]; root of context hierarchy
2012-08-03 10:21:29,041 INFO [org.springframework.beans.factory.xml.XmlBeanDefinitionReader] - Loading XML bean definitions from class path resource [message.xml]
2012-08-03 10:21:29,260 INFO [org.springframework.beans.factory.support.DefaultListableBeanFactory] - Pre-instantiating singletons in org.springframework.beans.factory.support.DefaultListableBeanFactory@2f1921: defining beans [messageSource]; root of factory hierarchy
2012-08-03 10:22:03,104 INFO [org.springframework.context.support.ClassPathXmlApplicationContext] - Refreshing org.springframework.context.support.ClassPathXmlApplicationContext@67ac19: startup date [Fri Aug 03 10:22:03 IST 2012]; root of context hierarchy
2012-08-03 10:22:03,197 INFO [org.springframework.beans.factory.xml.XmlBeanDefinitionReader] - Loading XML bean definitions from class path resource [message.xml]
2012-08-03 10:22:03,432 INFO [org.springframework.beans.factory.support.DefaultListableBeanFactory] - Pre-instantiating singletons in org.springframework.beans.factory.support.DefaultListableBeanFactory@1adc30: defining beans [messageSource]; root of factory hierarchy
2012-08-03 10:22:28,979 INFO [org.springframework.context.support.ClassPathXmlApplicationContext] - Refreshing org.springframework.context.support.ClassPathXmlApplicationContext@67ac19: startup date [Fri Aug 03 10:22:28 IST 2012]; root of context hierarchy
2012-08-03 10:22:29,041 INFO [org.springframework.beans.factory.xml.XmlBeanDefinitionReader] - Loading XML bean definitions from class path resource [message.xml]
2012-08-03 10:22:29,323 INFO [org.springframework.beans.factory.support.DefaultListableBeanFactory] - Pre-instantiating singletons in org.springframework.beans.factory.support.DefaultListableBeanFactory@1adc30: defining beans [messageSource]; root of factory hierarchy
2013-05-22 14:43:16,536 INFO [org.springframework.context.support.ClassPathXmlApplicationContext] - Refreshing org.springframework.context.support.ClassPathXmlApplicationContext@53ba3d: startup date [Wed May 22 14:43:16 IST 2013]; root of context hierarchy
2013-05-22 14:43:16,692 INFO [org.springframework.beans.factory.xml.XmlBeanDefinitionReader] - Loading XML bean definitions from class path resource [message.xml]
2013-05-22 14:43:17,051 INFO [org.springframework.beans.factory.support.DefaultListableBeanFactory] - Pre-instantiating singletons in org.springframework.beans.factory.support.DefaultListableBeanFactory@16df84b: defining beans [messageSource]; root of factory hierarchy
2013-05-22 16:51:59,460 INFO [org.springframework.context.support.ClassPathXmlApplicationContext] - Refreshing org.springframework.context.support.ClassPathXmlApplicationContext@67ac19: startup date [Wed May 22 16:51:59 IST 2013]; root of context hierarchy
2013-05-22 16:51:59,538 INFO [org.springframework.beans.factory.xml.XmlBeanDefinitionReader] - Loading XML bean definitions from class path resource [message.xml]
2013-05-22 16:51:59,710 INFO [org.springframework.beans.factory.support.DefaultListableBeanFactory] - Pre-instantiating singletons in org.springframework.beans.factory.support.DefaultListableBeanFactory@16df84b: defining beans [messageSource]; root of factory hierarchy
2013-06-20 11:31:04,065 INFO [org.springframework.context.support.ClassPathXmlApplicationContext] - Refreshing org.springframework.context.support.ClassPathXmlApplicationContext@53ba3d: startup date [Thu Jun 20 11:31:04 IST 2013]; root of context hierarchy
2013-06-20 11:31:04,143 INFO [org.springframework.beans.factory.xml.XmlBeanDefinitionReader] - Loading XML bean definitions from class path resource [message.xml]
2013-06-20 11:31:04,331 INFO [org.springframework.beans.factory.support.DefaultListableBeanFactory] - Pre-instantiating singletons in org.springframework.beans.factory.support.DefaultListableBeanFactory@16df84b: defining beans [messageSource]; root of factory hierarchy
2014-01-31 16:33:57,895 INFO [org.springframework.context.support.ClassPathXmlApplicationContext] - Refreshing org.springframework.context.support.ClassPathXmlApplicationContext@184ec44: startup date [Fri Jan 31 16:33:57 IST 2014]; root of context hierarchy
2014-01-31 16:33:58,083 INFO [org.springframework.beans.factory.xml.XmlBeanDefinitionReader] - Loading XML bean definitions from class path resource [message.xml]
2014-01-31 16:33:58,411 INFO [org.springframework.beans.factory.support.DefaultListableBeanFactory] - Pre-instantiating singletons in org.springframework.beans.factory.support.DefaultListableBeanFactory@15a6029: defining beans [messageSource]; root of factory hierarchy
2014-01-31 16:34:12,740 INFO [org.springframework.context.support.ClassPathXmlApplicationContext] - Refreshing org.springframework.context.support.ClassPathXmlApplicationContext@99681b: startup date [Fri Jan 31 16:34:12 IST 2014]; root of context hierarchy
2014-01-31 16:34:12,818 INFO [org.springframework.beans.factory.xml.XmlBeanDefinitionReader] - Loading XML bean definitions from class path resource [message.xml]
2014-01-31 16:34:13,084 INFO [org.springframework.beans.factory.support.DefaultListableBeanFactory] - Pre-instantiating singletons in org.springframework.beans.factory.support.DefaultListableBeanFactory@5d9084: defining beans [messageSource]; root of factory hierarchy
2014-02-07 16:29:40,281 INFO [org.springframework.context.support.ClassPathXmlApplicationContext] - Refreshing org.springframework.context.support.ClassPathXmlApplicationContext@482923: startup date [Fri Feb 07 16:29:40 IST 2014]; root of context hierarchy
2014-02-07 16:29:40,375 INFO [org.springframework.beans.factory.xml.XmlBeanDefinitionReader] - Loading XML bean definitions from class path resource [message.xml]
2014-02-07 16:29:40,828 INFO [org.springframework.beans.factory.support.DefaultListableBeanFactory] - Pre-instantiating singletons in org.springframework.beans.factory.support.DefaultListableBeanFactory@117f31e: defining beans [messageSource]; root of factory hierarchy
2014-02-07 16:29:50,921 INFO [org.springframework.context.support.ClassPathXmlApplicationContext] - Refreshing org.springframework.context.support.ClassPathXmlApplicationContext@1ee4648: startup date [Fri Feb 07 16:29:50 IST 2014]; root of context hierarchy
2014-02-07 16:29:50,968 INFO [org.springframework.beans.factory.xml.XmlBeanDefinitionReader] - Loading XML bean definitions from class path resource [message.xml]
2014-02-07 16:29:51,156 INFO [org.springframework.beans.factory.support.DefaultListableBeanFactory] - Pre-instantiating singletons in org.springframework.beans.factory.support.DefaultListableBeanFactory@888e6c: defining beans [messageSource]; root of factory hierarchy
2014-02-07 16:30:03,984 INFO [org.springframework.context.support.ClassPathXmlApplicationContext] - Refreshing org.springframework.context.support.ClassPathXmlApplicationContext@482923: startup date [Fri Feb 07 16:30:03 IST 2014]; root of context hierarchy
2014-02-07 16:30:04,046 INFO [org.springframework.beans.factory.xml.XmlBeanDefinitionReader] - Loading XML bean definitions from class path resource [message.xml]
2014-02-07 16:30:04,250 INFO [org.springframework.beans.factory.support.DefaultListableBeanFactory] - Pre-instantiating singletons in org.springframework.beans.factory.support.DefaultListableBeanFactory@5f6303: defining beans [messageSource]; root of factory hierarchy
2014-02-27 16:29:52,523 INFO [org.springframework.context.support.ClassPathXmlApplicationContext] - Refreshing org.springframework.context.support.ClassPathXmlApplicationContext@1b383e9: startup date [Thu Feb 27 16:29:52 IST 2014]; root of context hierarchy
2014-02-27 16:29:52,695 INFO [org.springframework.beans.factory.xml.XmlBeanDefinitionReader] - Loading XML bean definitions from class path resource [message.xml]
2014-02-27 16:29:52,914 INFO [org.springframework.beans.factory.support.DefaultListableBeanFactory] - Pre-instantiating singletons in org.springframework.beans.factory.support.DefaultListableBeanFactory@117f31e: defining beans [messageSource]; root of factory hierarchy
2014-02-27 16:30:08,539 INFO [org.springframework.context.support.ClassPathXmlApplicationContext] - Refreshing org.springframework.context.support.ClassPathXmlApplicationContext@1b383e9: startup date [Thu Feb 27 16:30:08 IST 2014]; root of context hierarchy
2014-02-27 16:30:08,586 INFO [org.springframework.beans.factory.xml.XmlBeanDefinitionReader] - Loading XML bean definitions from class path resource [message.xml]
2014-02-27 16:30:08,758 INFO [org.springframework.beans.factory.support.DefaultListableBeanFactory] - Pre-instantiating singletons in org.springframework.beans.factory.support.DefaultListableBeanFactory@5d9084: defining beans [messageSource]; root of factory hierarchy
2014-02-27 16:30:24,836 INFO [org.springframework.context.support.ClassPathXmlApplicationContext] - Refreshing org.springframework.context.support.ClassPathXmlApplicationContext@1b383e9: startup date [Thu Feb 27 16:30:24 IST 2014]; root of context hierarchy
2014-02-27 16:30:24,898 INFO [org.springframework.beans.factory.xml.XmlBeanDefinitionReader] - Loading XML bean definitions from class path resource [message.xml]
2014-02-27 16:30:25,070 INFO [org.springframework.beans.factory.support.DefaultListableBeanFactory] - Pre-instantiating singletons in org.springframework.beans.factory.support.DefaultListableBeanFactory@5f6303: defining beans [messageSource]; root of factory hierarchy
2014-04-30 16:10:11,470 INFO [org.springframework.context.support.ClassPathXmlApplicationContext] - Refreshing org.springframework.context.support.ClassPathXmlApplicationContext@99681b: startup date [Wed Apr 30 16:10:11 IST 2014]; root of context hierarchy
2014-04-30 16:10:11,626 INFO [org.springframework.beans.factory.xml.XmlBeanDefinitionReader] - Loading XML bean definitions from class path resource [message.xml]
2014-04-30 16:10:11,923 INFO [org.springframework.beans.factory.support.DefaultListableBeanFactory] - Pre-instantiating singletons in org.springframework.beans.factory.support.DefaultListableBeanFactory@5f6303: defining beans [messageSource]; root of factory hierarchy
2014-04-30 16:10:23,080 INFO [org.springframework.context.support.ClassPathXmlApplicationContext] - Refreshing org.springframework.context.support.ClassPathXmlApplicationContext@99681b: startup date [Wed Apr 30 16:10:23 IST 2014]; root of context hierarchy
2014-04-30 16:10:23,142 INFO [org.springframework.beans.factory.xml.XmlBeanDefinitionReader] - Loading XML bean definitions from class path resource [message.xml]
2014-04-30 16:10:23,314 INFO [org.springframework.beans.factory.support.DefaultListableBeanFactory] - Pre-instantiating singletons in org.springframework.beans.factory.support.DefaultListableBeanFactory@15a6029: defining beans [messageSource]; root of factory hierarchy
2014-04-30 16:10:40,784 INFO [org.springframework.context.support.ClassPathXmlApplicationContext] - Refreshing org.springframework.context.support.ClassPathXmlApplicationContext@1b9240e: startup date [Wed Apr 30 16:10:40 IST 2014]; root of context hierarchy
2014-04-30 16:10:40,862 INFO [org.springframework.beans.factory.xml.XmlBeanDefinitionReader] - Loading XML bean definitions from class path resource [message.xml]
2014-04-30 16:10:41,018 INFO [org.springframework.beans.factory.support.DefaultListableBeanFactory] - Pre-instantiating singletons in org.springframework.beans.factory.support.DefaultListableBeanFactory@888e6c: defining beans [messageSource]; root of factory hierarchy
2014-06-25 16:32:57,479 INFO [org.springframework.context.support.ClassPathXmlApplicationContext] - Refreshing org.springframework.context.support.ClassPathXmlApplicationContext@6b51d8: startup date [Wed Jun 25 16:32:57 IST 2014]; root of context hierarchy
2014-06-25 16:32:57,963 INFO [org.springframework.beans.factory.xml.XmlBeanDefinitionReader] - Loading XML bean definitions from class path resource [message.xml]
2014-06-25 16:32:58,680 INFO [org.springframework.beans.factory.support.DefaultListableBeanFactory] - Pre-instantiating singletons in org.springframework.beans.factory.support.DefaultListableBeanFactory@1dcd5a8: defining beans [messageSource]; root of factory hierarchy
2014-06-25 16:33:12,175 INFO [org.springframework.context.support.ClassPathXmlApplicationContext] - Refreshing org.springframework.context.support.ClassPathXmlApplicationContext@129df8a: startup date [Wed Jun 25 16:33:12 IST 2014]; root of context hierarchy
2014-06-25 16:33:12,222 INFO [org.springframework.beans.factory.xml.XmlBeanDefinitionReader] - Loading XML bean definitions from class path resource [message.xml]
2014-06-25 16:33:12,503 INFO [org.springframework.beans.factory.support.DefaultListableBeanFactory] - Pre-instantiating singletons in org.springframework.beans.factory.support.DefaultListableBeanFactory@76da32: defining beans [messageSource]; root of factory hierarchy
2014-06-25 16:33:33,702 INFO [org.springframework.context.support.ClassPathXmlApplicationContext] - Refreshing org.springframework.context.support.ClassPathXmlApplicationContext@6b51d8: startup date [Wed Jun 25 16:33:33 IST 2014]; root of context hierarchy
2014-06-25 16:33:33,765 INFO [org.springframework.beans.factory.xml.XmlBeanDefinitionReader] - Loading XML bean definitions from class path resource [message.xml]
2014-06-25 16:33:34,030 INFO [org.springframework.beans.factory.support.DefaultListableBeanFactory] - Pre-instantiating singletons in org.springframework.beans.factory.support.DefaultListableBeanFactory@ef2ab5: defining beans [messageSource]; root of factory hierarchy
2014-06-25 16:37:42,911 INFO [org.springframework.context.support.ClassPathXmlApplicationContext] - Refreshing org.springframework.context.support.ClassPathXmlApplicationContext@1bbc779: startup date [Wed Jun 25 16:37:42 IST 2014]; root of context hierarchy
2014-06-25 16:37:45,251 INFO [org.springframework.beans.factory.xml.XmlBeanDefinitionReader] - Loading XML bean definitions from class path resource [message.xml]
2014-06-25 16:37:55,687 INFO [org.springframework.beans.factory.support.DefaultListableBeanFactory] - Pre-instantiating singletons in org.springframework.beans.factory.support.DefaultListableBeanFactory@10811b5: defining beans [messageSource]; root of factory hierarchy
2014-06-25 16:37:58,668 INFO [org.springframework.context.support.ClassPathXmlApplicationContext] - Refreshing org.springframework.context.support.ClassPathXmlApplicationContext@6b51d8: startup date [Wed Jun 25 16:37:58 IST 2014]; root of context hierarchy
2014-06-25 16:37:58,731 INFO [org.springframework.beans.factory.xml.XmlBeanDefinitionReader] - Loading XML bean definitions from class path resource [message.xml]
2014-06-25 16:37:58,996 INFO [org.springframework.beans.factory.support.DefaultListableBeanFactory] - Pre-instantiating singletons in org.springframework.beans.factory.support.DefaultListableBeanFactory@ef2ab5: defining beans [messageSource]; root of factory hierarchy
2014-06-25 16:38:32,644 INFO [org.springframework.context.support.ClassPathXmlApplicationContext] - Refreshing org.springframework.context.support.ClassPathXmlApplicationContext@1ca5df9: startup date [Wed Jun 25 16:38:32 IST 2014]; root of context hierarchy
2014-06-25 16:38:32,706 INFO [org.springframework.beans.factory.xml.XmlBeanDefinitionReader] - Loading XML bean definitions from class path resource [message.xml]
2014-06-25 16:38:32,987 INFO [org.springframework.beans.factory.support.DefaultListableBeanFactory] - Pre-instantiating singletons in org.springframework.beans.factory.support.DefaultListableBeanFactory@1dcd5a8: defining beans [messageSource]; root of factory hierarchy
2015-05-19 15:24:29,802 INFO [org.springframework.context.support.ClassPathXmlApplicationContext] - Refreshing org.springframework.context.support.ClassPathXmlApplicationContext@6b51d8: startup date [Tue May 19 15:24:29 IST 2015]; root of context hierarchy
2015-05-19 15:24:29,880 INFO [org.springframework.beans.factory.xml.XmlBeanDefinitionReader] - Loading XML bean definitions from class path resource [message.xml]
2015-05-19 15:24:30,114 INFO [org.springframework.beans.factory.support.DefaultListableBeanFactory] - Pre-instantiating singletons in org.springframework.beans.factory.support.DefaultListableBeanFactory@ef2ab5: defining beans [messageSource]; root of factory hierarchy
2015-05-19 15:25:55,371 INFO [org.springframework.context.support.ClassPathXmlApplicationContext] - Refreshing org.springframework.context.support.ClassPathXmlApplicationContext@6b51d8: startup date [Tue May 19 15:25:55 IST 2015]; root of context hierarchy
2015-05-19 15:25:55,433 INFO [org.springframework.beans.factory.xml.XmlBeanDefinitionReader] - Loading XML bean definitions from class path resource [message.xml]
2015-05-19 15:25:55,636 INFO [org.springframework.beans.factory.support.DefaultListableBeanFactory] - Pre-instantiating singletons in org.springframework.beans.factory.support.DefaultListableBeanFactory@ef2ab5: defining beans [messageSource]; root of factory hierarchy
2015-05-19 15:26:25,791 INFO [org.springframework.context.support.ClassPathXmlApplicationContext] - Refreshing org.springframework.context.support.ClassPathXmlApplicationContext@12e4cd: startup date [Tue May 19 15:26:25 IST 2015]; root of context hierarchy
2015-05-19 15:26:25,854 INFO [org.springframework.beans.factory.xml.XmlBeanDefinitionReader] - Loading XML bean definitions from class path resource [message.xml]
2015-05-19 15:26:26,088 INFO [org.springframework.beans.factory.support.DefaultListableBeanFactory] - Pre-instantiating singletons in org.springframework.beans.factory.support.DefaultListableBeanFactory@76da32: defining beans [messageSource]; root of factory hierarchy
2015-06-02 11:20:01,753 INFO [org.springframework.context.support.ClassPathXmlApplicationContext] - Refreshing org.springframework.context.support.ClassPathXmlApplicationContext@1327b79: startup date [Tue Jun 02 11:20:01 IST 2015]; root of context hierarchy
2015-06-02 11:20:01,815 INFO [org.springframework.beans.factory.xml.XmlBeanDefinitionReader] - Loading XML bean definitions from class path resource [message.xml]
2015-06-02 11:22:10,844 INFO [org.springframework.context.support.ClassPathXmlApplicationContext] - Refreshing org.springframework.context.support.ClassPathXmlApplicationContext@1be5d1: startup date [Tue Jun 02 11:22:10 IST 2015]; root of context hierarchy
2015-06-02 11:22:10,891 INFO [org.springframework.beans.factory.xml.XmlBeanDefinitionReader] - Loading XML bean definitions from class path resource [message.xml]
2015-06-02 11:22:34,556 INFO [org.springframework.context.support.ClassPathXmlApplicationContext] - Refreshing org.springframework.context.support.ClassPathXmlApplicationContext@106e922: startup date [Tue Jun 02 11:22:34 IST 2015]; root of context hierarchy
2015-06-02 11:22:34,618 INFO [org.springframework.beans.factory.xml.XmlBeanDefinitionReader] - Loading XML bean definitions from class path resource [message.xml]
2017-06-20 11:34:08,676 INFO [org.springframework.context.support.ClassPathXmlApplicationContext] - Refreshing org.springframework.context.support.ClassPathXmlApplicationContext@1be5d1: startup date [Tue Jun 20 11:34:08 IST 2017]; root of context hierarchy
2017-06-20 11:34:11,203 INFO [org.springframework.beans.factory.xml.XmlBeanDefinitionReader] - Loading XML bean definitions from class path resource [message.xml]
