2012-03-05 20:41:24,656 INFO [org.springframework.context.support.ClassPathXmlApplicationContext] - Refreshing org.springframework.context.support.ClassPathXmlApplicationContext@53c015: startup date [Mon Mar 05 20:41:24 IST 2012]; root of context hierarchy
2012-03-05 20:41:24,703 INFO [org.springframework.beans.factory.xml.XmlBeanDefinitionReader] - Loading XML bean definitions from class path resource [employee.xml]
2012-03-05 20:41:24,859 WARN [org.springframework.beans.factory.config.CustomEditorConfigurer] - Passing PropertyEditor instances into CustomEditorConfigurer is deprecated: use PropertyEditorRegistrars or PropertyEditor class names instead. Offending key [java.sql.Date; offending editor instance: com.igate.patni.SQLDateEditor@1c247a0
2012-03-05 20:41:24,875 INFO [org.springframework.beans.factory.support.DefaultListableBeanFactory] - Pre-instantiating singletons in org.springframework.beans.factory.support.DefaultListableBeanFactory@1808199: defining beans [customEditorConfigurer,employee]; root of factory hierarchy
2012-03-06 08:35:49,750 INFO [org.springframework.context.support.ClassPathXmlApplicationContext] - Refreshing org.springframework.context.support.ClassPathXmlApplicationContext@10dd1f7: startup date [Tue Mar 06 08:35:49 IST 2012]; root of context hierarchy
2012-03-06 08:35:49,812 INFO [org.springframework.beans.factory.xml.XmlBeanDefinitionReader] - Loading XML bean definitions from class path resource [employee.xml]
2012-03-06 08:35:50,218 WARN [org.springframework.beans.factory.config.CustomEditorConfigurer] - Passing PropertyEditor instances into CustomEditorConfigurer is deprecated: use PropertyEditorRegistrars or PropertyEditor class names instead. Offending key [java.sql.Date; offending editor instance: com.igate.patni.SQLDateEditor@1c247a0
2012-03-06 08:35:50,218 INFO [org.springframework.beans.factory.support.DefaultListableBeanFactory] - Pre-instantiating singletons in org.springframework.beans.factory.support.DefaultListableBeanFactory@1808199: defining beans [customEditorConfigurer,employee]; root of factory hierarchy
2012-03-06 08:36:25,796 INFO [org.springframework.context.support.ClassPathXmlApplicationContext] - Refreshing org.springframework.context.support.ClassPathXmlApplicationContext@53c015: startup date [Tue Mar 06 08:36:25 IST 2012]; root of context hierarchy
2012-03-06 08:36:25,859 INFO [org.springframework.beans.factory.xml.XmlBeanDefinitionReader] - Loading XML bean definitions from class path resource [employee.xml]
2012-03-06 08:36:26,062 WARN [org.springframework.beans.factory.config.CustomEditorConfigurer] - Passing PropertyEditor instances into CustomEditorConfigurer is deprecated: use PropertyEditorRegistrars or PropertyEditor class names instead. Offending key [java.sql.Date; offending editor instance: com.igate.patni.SQLDateEditor@1ec6696
2012-03-06 08:36:26,078 INFO [org.springframework.beans.factory.support.DefaultListableBeanFactory] - Pre-instantiating singletons in org.springframework.beans.factory.support.DefaultListableBeanFactory@1bc887b: defining beans [customEditorConfigurer,employee]; root of factory hierarchy
2012-03-06 08:37:47,671 INFO [org.springframework.beans.factory.xml.XmlBeanDefinitionReader] - Loading XML bean definitions from class path resource [employee.xml]
2012-03-06 08:42:20,628 INFO [org.springframework.context.support.ClassPathXmlApplicationContext] - Refreshing org.springframework.context.support.ClassPathXmlApplicationContext@67ac19: startup date [Tue Mar 06 08:42:20 IST 2012]; root of context hierarchy
2012-03-06 08:42:20,675 INFO [org.springframework.beans.factory.xml.XmlBeanDefinitionReader] - Loading XML bean definitions from class path resource [employee.xml]
2012-03-06 08:42:20,862 WARN [org.springframework.beans.factory.config.CustomEditorConfigurer] - Passing PropertyEditor instances into CustomEditorConfigurer is deprecated: use PropertyEditorRegistrars or PropertyEditor class names instead. Offending key [java.sql.Date; offending editor instance: com.igate.patni.SQLDateEditor@1ec6696
2012-03-06 08:42:20,862 INFO [org.springframework.beans.factory.support.DefaultListableBeanFactory] - Pre-instantiating singletons in org.springframework.beans.factory.support.DefaultListableBeanFactory@1bc887b: defining beans [customEditorConfigurer,employee]; root of factory hierarchy
2012-03-06 10:33:56,219 INFO [org.springframework.context.support.ClassPathXmlApplicationContext] - Refreshing org.springframework.context.support.ClassPathXmlApplicationContext@53c015: startup date [Tue Mar 06 10:33:56 IST 2012]; root of context hierarchy
2012-03-06 10:33:56,265 INFO [org.springframework.beans.factory.xml.XmlBeanDefinitionReader] - Loading XML bean definitions from class path resource [employee.xml]
2012-03-06 10:33:56,453 WARN [org.springframework.beans.factory.config.CustomEditorConfigurer] - Passing PropertyEditor instances into CustomEditorConfigurer is deprecated: use PropertyEditorRegistrars or PropertyEditor class names instead. Offending key [java.sql.Date; offending editor instance: com.igate.patni.SQLDateEditor@1c247a0
2012-03-06 10:33:56,453 INFO [org.springframework.beans.factory.support.DefaultListableBeanFactory] - Pre-instantiating singletons in org.springframework.beans.factory.support.DefaultListableBeanFactory@1808199: defining beans [customEditorConfigurer,employee]; root of factory hierarchy
2012-04-12 15:11:34,357 INFO [org.springframework.context.support.ClassPathXmlApplicationContext] - Refreshing org.springframework.context.support.ClassPathXmlApplicationContext@67ac19: startup date [Thu Apr 12 15:11:34 IST 2012]; root of context hierarchy
2012-04-12 15:11:34,451 INFO [org.springframework.beans.factory.xml.XmlBeanDefinitionReader] - Loading XML bean definitions from class path resource [employee.xml]
2012-04-12 15:11:34,763 WARN [org.springframework.beans.factory.config.CustomEditorConfigurer] - Passing PropertyEditor instances into CustomEditorConfigurer is deprecated: use PropertyEditorRegistrars or PropertyEditor class names instead. Offending key [java.sql.Date; offending editor instance: com.igate.patni.SQLDateEditor@1c247a0
2012-04-12 15:11:34,763 INFO [org.springframework.beans.factory.support.DefaultListableBeanFactory] - Pre-instantiating singletons in org.springframework.beans.factory.support.DefaultListableBeanFactory@1808199: defining beans [customEditorConfigurer,employee]; root of factory hierarchy
2012-04-12 15:12:06,544 INFO [org.springframework.context.support.ClassPathXmlApplicationContext] - Refreshing org.springframework.context.support.ClassPathXmlApplicationContext@67ac19: startup date [Thu Apr 12 15:12:06 IST 2012]; root of context hierarchy
2012-04-12 15:12:06,591 INFO [org.springframework.beans.factory.xml.XmlBeanDefinitionReader] - Loading XML bean definitions from class path resource [employee.xml]
2012-04-12 15:12:06,763 WARN [org.springframework.beans.factory.config.CustomEditorConfigurer] - Passing PropertyEditor instances into CustomEditorConfigurer is deprecated: use PropertyEditorRegistrars or PropertyEditor class names instead. Offending key [java.sql.Date; offending editor instance: com.igate.patni.SQLDateEditor@1c247a0
2012-04-12 15:12:06,763 INFO [org.springframework.beans.factory.support.DefaultListableBeanFactory] - Pre-instantiating singletons in org.springframework.beans.factory.support.DefaultListableBeanFactory@1808199: defining beans [customEditorConfigurer,employee]; root of factory hierarchy
2012-04-12 15:12:29,294 INFO [org.springframework.context.support.ClassPathXmlApplicationContext] - Refreshing org.springframework.context.support.ClassPathXmlApplicationContext@53ba3d: startup date [Thu Apr 12 15:12:29 IST 2012]; root of context hierarchy
2012-04-12 15:12:29,341 INFO [org.springframework.beans.factory.xml.XmlBeanDefinitionReader] - Loading XML bean definitions from class path resource [employee.xml]
2012-04-12 15:12:29,559 WARN [org.springframework.beans.factory.config.CustomEditorConfigurer] - Passing PropertyEditor instances into CustomEditorConfigurer is deprecated: use PropertyEditorRegistrars or PropertyEditor class names instead. Offending key [java.sql.Date; offending editor instance: com.igate.patni.SQLDateEditor@1ec6696
2012-04-12 15:12:29,559 INFO [org.springframework.beans.factory.support.DefaultListableBeanFactory] - Pre-instantiating singletons in org.springframework.beans.factory.support.DefaultListableBeanFactory@1bc887b: defining beans [customEditorConfigurer,employee]; root of factory hierarchy
2012-06-07 12:07:53,053 INFO [org.springframework.context.support.ClassPathXmlApplicationContext] - Refreshing org.springframework.context.support.ClassPathXmlApplicationContext@67ac19: startup date [Thu Jun 07 12:07:53 IST 2012]; root of context hierarchy
2012-06-07 12:07:53,116 INFO [org.springframework.beans.factory.xml.XmlBeanDefinitionReader] - Loading XML bean definitions from class path resource [employee.xml]
2012-06-07 12:07:53,397 WARN [org.springframework.beans.factory.config.CustomEditorConfigurer] - Passing PropertyEditor instances into CustomEditorConfigurer is deprecated: use PropertyEditorRegistrars or PropertyEditor class names instead. Offending key [java.sql.Date; offending editor instance: com.igate.patni.SQLDateEditor@1c247a0
2012-06-07 12:07:53,397 INFO [org.springframework.beans.factory.support.DefaultListableBeanFactory] - Pre-instantiating singletons in org.springframework.beans.factory.support.DefaultListableBeanFactory@1808199: defining beans [customEditorConfigurer,employee]; root of factory hierarchy
2012-07-06 11:42:40,562 INFO [org.springframework.context.support.ClassPathXmlApplicationContext] - Refreshing org.springframework.context.support.ClassPathXmlApplicationContext@53ba3d: startup date [Fri Jul 06 11:42:40 IST 2012]; root of context hierarchy
2012-07-06 11:42:40,625 INFO [org.springframework.beans.factory.xml.XmlBeanDefinitionReader] - Loading XML bean definitions from class path resource [employee.xml]
2012-07-06 11:42:40,890 WARN [org.springframework.beans.factory.config.CustomEditorConfigurer] - Passing PropertyEditor instances into CustomEditorConfigurer is deprecated: use PropertyEditorRegistrars or PropertyEditor class names instead. Offending key [java.sql.Date; offending editor instance: com.igate.patni.SQLDateEditor@1ec6696
2012-07-06 11:42:40,890 INFO [org.springframework.beans.factory.support.DefaultListableBeanFactory] - Pre-instantiating singletons in org.springframework.beans.factory.support.DefaultListableBeanFactory@1bc887b: defining beans [customEditorConfigurer,employee]; root of factory hierarchy
2012-07-06 11:43:12,140 INFO [org.springframework.context.support.ClassPathXmlApplicationContext] - Refreshing org.springframework.context.support.ClassPathXmlApplicationContext@53ba3d: startup date [Fri Jul 06 11:43:12 IST 2012]; root of context hierarchy
2012-07-06 11:43:12,187 INFO [org.springframework.beans.factory.xml.XmlBeanDefinitionReader] - Loading XML bean definitions from class path resource [employee.xml]
2012-07-06 11:43:39,280 INFO [org.springframework.context.support.ClassPathXmlApplicationContext] - Refreshing org.springframework.context.support.ClassPathXmlApplicationContext@53ba3d: startup date [Fri Jul 06 11:43:39 IST 2012]; root of context hierarchy
2012-07-06 11:43:39,373 INFO [org.springframework.beans.factory.xml.XmlBeanDefinitionReader] - Loading XML bean definitions from class path resource [employee.xml]
2012-07-06 11:43:39,655 WARN [org.springframework.beans.factory.config.CustomEditorConfigurer] - Passing PropertyEditor instances into CustomEditorConfigurer is deprecated: use PropertyEditorRegistrars or PropertyEditor class names instead. Offending key [java.sql.Date; offending editor instance: com.igate.patni.SQLDateEditor@1ec6696
2012-07-06 11:43:39,655 INFO [org.springframework.beans.factory.support.DefaultListableBeanFactory] - Pre-instantiating singletons in org.springframework.beans.factory.support.DefaultListableBeanFactory@1bc887b: defining beans [customEditorConfigurer,employee]; root of factory hierarchy
2012-08-03 10:08:14,103 INFO [org.springframework.context.support.ClassPathXmlApplicationContext] - Refreshing org.springframework.context.support.ClassPathXmlApplicationContext@67ac19: startup date [Fri Aug 03 10:08:14 IST 2012]; root of context hierarchy
2012-08-03 10:08:14,165 INFO [org.springframework.beans.factory.xml.XmlBeanDefinitionReader] - Loading XML bean definitions from class path resource [employee.xml]
2012-08-03 10:08:14,447 WARN [org.springframework.beans.factory.config.CustomEditorConfigurer] - Passing PropertyEditor instances into CustomEditorConfigurer is deprecated: use PropertyEditorRegistrars or PropertyEditor class names instead. Offending key [java.sql.Date; offending editor instance: com.igate.patni.SQLDateEditor@1ec6696
2012-08-03 10:08:14,447 INFO [org.springframework.beans.factory.support.DefaultListableBeanFactory] - Pre-instantiating singletons in org.springframework.beans.factory.support.DefaultListableBeanFactory@1bc887b: defining beans [customEditorConfigurer,employee]; root of factory hierarchy
2013-05-22 16:44:23,421 INFO [org.springframework.context.support.ClassPathXmlApplicationContext] - Refreshing org.springframework.context.support.ClassPathXmlApplicationContext@67ac19: startup date [Wed May 22 16:44:23 IST 2013]; root of context hierarchy
2013-05-22 16:44:23,468 INFO [org.springframework.beans.factory.xml.XmlBeanDefinitionReader] - Loading XML bean definitions from class path resource [employee.xml]
2013-05-22 16:44:23,687 WARN [org.springframework.beans.factory.config.CustomEditorConfigurer] - Passing PropertyEditor instances into CustomEditorConfigurer is deprecated: use PropertyEditorRegistrars or PropertyEditor class names instead. Offending key [java.sql.Date; offending editor instance: com.igate.patni.SQLDateEditor@1431340
2013-05-22 16:44:23,702 INFO [org.springframework.beans.factory.support.DefaultListableBeanFactory] - Pre-instantiating singletons in org.springframework.beans.factory.support.DefaultListableBeanFactory@a46701: defining beans [customEditorConfigurer,employee]; root of factory hierarchy
2013-05-22 16:55:24,143 INFO [org.springframework.context.support.ClassPathXmlApplicationContext] - Refreshing org.springframework.context.support.ClassPathXmlApplicationContext@67ac19: startup date [Wed May 22 16:55:24 IST 2013]; root of context hierarchy
2013-05-22 16:55:24,237 INFO [org.springframework.beans.factory.xml.XmlBeanDefinitionReader] - Loading XML bean definitions from class path resource [employee.xml]
2013-05-22 16:55:24,658 WARN [org.springframework.beans.factory.config.CustomEditorConfigurer] - Passing PropertyEditor instances into CustomEditorConfigurer is deprecated: use PropertyEditorRegistrars or PropertyEditor class names instead. Offending key [java.sql.Date; offending editor instance: com.igate.patni.SQLDateEditor@1431340
2013-05-22 16:55:24,658 INFO [org.springframework.beans.factory.support.DefaultListableBeanFactory] - Pre-instantiating singletons in org.springframework.beans.factory.support.DefaultListableBeanFactory@a46701: defining beans [customEditorConfigurer,employee]; root of factory hierarchy
2013-06-20 11:29:09,884 INFO [org.springframework.context.support.ClassPathXmlApplicationContext] - Refreshing org.springframework.context.support.ClassPathXmlApplicationContext@53ba3d: startup date [Thu Jun 20 11:29:09 IST 2013]; root of context hierarchy
2013-06-20 11:29:09,978 INFO [org.springframework.beans.factory.xml.XmlBeanDefinitionReader] - Loading XML bean definitions from class path resource [user.xml]
2013-06-20 11:29:10,181 INFO [org.springframework.beans.factory.config.PropertyPlaceholderConfigurer] - Loading properties file from class path resource [user.properties]
2013-06-20 11:29:10,196 INFO [org.springframework.beans.factory.support.DefaultListableBeanFactory] - Pre-instantiating singletons in org.springframework.beans.factory.support.DefaultListableBeanFactory@16df84b: defining beans [user,placeHolderConfig]; root of factory hierarchy
2014-01-31 16:30:16,582 INFO [org.springframework.context.support.ClassPathXmlApplicationContext] - Refreshing org.springframework.context.support.ClassPathXmlApplicationContext@1ee4648: startup date [Fri Jan 31 16:30:16 IST 2014]; root of context hierarchy
2014-01-31 16:30:16,801 INFO [org.springframework.beans.factory.xml.XmlBeanDefinitionReader] - Loading XML bean definitions from class path resource [user.xml]
2014-01-31 16:30:17,816 INFO [org.springframework.beans.factory.config.PropertyPlaceholderConfigurer] - Loading properties file from class path resource [user.properties]
2014-01-31 16:30:17,848 INFO [org.springframework.beans.factory.support.DefaultListableBeanFactory] - Pre-instantiating singletons in org.springframework.beans.factory.support.DefaultListableBeanFactory@888e6c: defining beans [user,placeHolderConfig]; root of factory hierarchy
2014-02-07 15:58:17,156 INFO [org.springframework.context.support.ClassPathXmlApplicationContext] - Refreshing org.springframework.context.support.ClassPathXmlApplicationContext@1b383e9: startup date [Fri Feb 07 15:58:17 IST 2014]; root of context hierarchy
2014-02-07 15:58:17,296 INFO [org.springframework.beans.factory.xml.XmlBeanDefinitionReader] - Loading XML bean definitions from class path resource [user.xml]
2014-02-07 15:58:18,187 INFO [org.springframework.beans.factory.config.PropertyPlaceholderConfigurer] - Loading properties file from class path resource [user.properties]
2014-02-07 15:58:18,218 INFO [org.springframework.beans.factory.support.DefaultListableBeanFactory] - Pre-instantiating singletons in org.springframework.beans.factory.support.DefaultListableBeanFactory@117f31e: defining beans [user,placeHolderConfig]; root of factory hierarchy
2014-02-27 16:26:43,602 INFO [org.springframework.context.support.ClassPathXmlApplicationContext] - Refreshing org.springframework.context.support.ClassPathXmlApplicationContext@99681b: startup date [Thu Feb 27 16:26:43 IST 2014]; root of context hierarchy
2014-02-27 16:26:43,914 INFO [org.springframework.beans.factory.xml.XmlBeanDefinitionReader] - Loading XML bean definitions from class path resource [user.xml]
2014-02-27 16:26:45,055 INFO [org.springframework.beans.factory.config.PropertyPlaceholderConfigurer] - Loading properties file from class path resource [user.properties]
2014-02-27 16:26:45,102 INFO [org.springframework.beans.factory.support.DefaultListableBeanFactory] - Pre-instantiating singletons in org.springframework.beans.factory.support.DefaultListableBeanFactory@5f6303: defining beans [user,placeHolderConfig]; root of factory hierarchy
2014-04-30 16:07:53,168 INFO [org.springframework.context.support.ClassPathXmlApplicationContext] - Refreshing org.springframework.context.support.ClassPathXmlApplicationContext@184ec44: startup date [Wed Apr 30 16:07:53 IST 2014]; root of context hierarchy
2014-04-30 16:07:53,340 INFO [org.springframework.beans.factory.xml.XmlBeanDefinitionReader] - Loading XML bean definitions from class path resource [user.xml]
2014-04-30 16:07:54,059 INFO [org.springframework.beans.factory.config.PropertyPlaceholderConfigurer] - Loading properties file from class path resource [user.properties]
2014-04-30 16:07:54,168 INFO [org.springframework.beans.factory.support.DefaultListableBeanFactory] - Pre-instantiating singletons in org.springframework.beans.factory.support.DefaultListableBeanFactory@117f31e: defining beans [user,placeHolderConfig]; root of factory hierarchy
2014-06-25 16:29:03,108 INFO [org.springframework.context.support.ClassPathXmlApplicationContext] - Refreshing org.springframework.context.support.ClassPathXmlApplicationContext@18d4c9a: startup date [Wed Jun 25 16:29:03 IST 2014]; root of context hierarchy
2014-06-25 16:29:03,389 INFO [org.springframework.beans.factory.xml.XmlBeanDefinitionReader] - Loading XML bean definitions from class path resource [user.xml]
2014-06-25 16:29:08,053 INFO [org.springframework.beans.factory.config.PropertyPlaceholderConfigurer] - Loading properties file from class path resource [user.properties]
2014-06-25 16:29:08,115 INFO [org.springframework.beans.factory.support.DefaultListableBeanFactory] - Pre-instantiating singletons in org.springframework.beans.factory.support.DefaultListableBeanFactory@1c669dc: defining beans [user,placeHolderConfig]; root of factory hierarchy
2015-05-19 15:20:14,674 INFO [org.springframework.context.support.ClassPathXmlApplicationContext] - Refreshing org.springframework.context.support.ClassPathXmlApplicationContext@df9095: startup date [Tue May 19 15:20:14 IST 2015]; root of context hierarchy
2015-05-19 15:20:14,861 INFO [org.springframework.beans.factory.xml.XmlBeanDefinitionReader] - Loading XML bean definitions from class path resource [user.xml]
2015-05-19 15:20:15,969 INFO [org.springframework.beans.factory.config.PropertyPlaceholderConfigurer] - Loading properties file from class path resource [user.properties]
2015-05-19 15:20:16,000 INFO [org.springframework.beans.factory.support.DefaultListableBeanFactory] - Pre-instantiating singletons in org.springframework.beans.factory.support.DefaultListableBeanFactory@1900174: defining beans [user,placeHolderConfig]; root of factory hierarchy
2015-06-02 11:07:07,974 INFO [org.springframework.context.support.ClassPathXmlApplicationContext] - Refreshing org.springframework.context.support.ClassPathXmlApplicationContext@769467: startup date [Tue Jun 02 11:07:07 IST 2015]; root of context hierarchy
2015-06-02 11:07:07,974 INFO [org.springframework.context.support.ClassPathXmlApplicationContext] - Refreshing org.springframework.context.support.ClassPathXmlApplicationContext@769467: startup date [Tue Jun 02 11:07:07 IST 2015]; root of context hierarchy
2015-06-02 11:07:08,302 INFO [org.springframework.beans.factory.xml.XmlBeanDefinitionReader] - Loading XML bean definitions from class path resource [user.xml]
2015-06-02 11:07:08,333 INFO [org.springframework.beans.factory.xml.XmlBeanDefinitionReader] - Loading XML bean definitions from class path resource [user.xml]
2015-06-02 11:08:54,916 INFO [org.springframework.context.support.ClassPathXmlApplicationContext] - Refreshing org.springframework.context.support.ClassPathXmlApplicationContext@106e922: startup date [Tue Jun 02 11:08:54 IST 2015]; root of context hierarchy
2015-06-02 11:08:55,010 INFO [org.springframework.beans.factory.xml.XmlBeanDefinitionReader] - Loading XML bean definitions from class path resource [user.xml]
2015-06-02 11:08:55,306 INFO [org.springframework.beans.factory.config.PropertyPlaceholderConfigurer] - Loading properties file from class path resource [user.properties]
