2012-03-05 20:41:24,656 INFO [org.springframework.context.support.ClassPathXmlApplicationContext] - Refreshing org.springframework.context.support.ClassPathXmlApplicationContext@53c015: startup date [Mon Mar 05 20:41:24 IST 2012]; root of context hierarchy
2012-03-05 20:41:24,703 INFO [org.springframework.beans.factory.xml.XmlBeanDefinitionReader] - Loading XML bean definitions from class path resource [employee.xml]
2012-03-05 20:41:24,859 WARN [org.springframework.beans.factory.config.CustomEditorConfigurer] - Passing PropertyEditor instances into CustomEditorConfigurer is deprecated: use PropertyEditorRegistrars or PropertyEditor class names instead. Offending key [java.sql.Date; offending editor instance: com.igate.patni.SQLDateEditor@1c247a0
2012-03-05 20:41:24,875 INFO [org.springframework.beans.factory.support.DefaultListableBeanFactory] - Pre-instantiating singletons in org.springframework.beans.factory.support.DefaultListableBeanFactory@1808199: defining beans [customEditorConfigurer,employee]; root of factory hierarchy
2012-03-06 08:35:49,750 INFO [org.springframework.context.support.ClassPathXmlApplicationContext] - Refreshing org.springframework.context.support.ClassPathXmlApplicationContext@10dd1f7: startup date [Tue Mar 06 08:35:49 IST 2012]; root of context hierarchy
2012-03-06 08:35:49,812 INFO [org.springframework.beans.factory.xml.XmlBeanDefinitionReader] - Loading XML bean definitions from class path resource [employee.xml]
2012-03-06 08:35:50,218 WARN [org.springframework.beans.factory.config.CustomEditorConfigurer] - Passing PropertyEditor instances into CustomEditorConfigurer is deprecated: use PropertyEditorRegistrars or PropertyEditor class names instead. Offending key [java.sql.Date; offending editor instance: com.igate.patni.SQLDateEditor@1c247a0
2012-03-06 08:35:50,218 INFO [org.springframework.beans.factory.support.DefaultListableBeanFactory] - Pre-instantiating singletons in org.springframework.beans.factory.support.DefaultListableBeanFactory@1808199: defining beans [customEditorConfigurer,employee]; root of factory hierarchy
2012-03-06 08:36:25,796 INFO [org.springframework.context.support.ClassPathXmlApplicationContext] - Refreshing org.springframework.context.support.ClassPathXmlApplicationContext@53c015: startup date [Tue Mar 06 08:36:25 IST 2012]; root of context hierarchy
2012-03-06 08:36:25,859 INFO [org.springframework.beans.factory.xml.XmlBeanDefinitionReader] - Loading XML bean definitions from class path resource [employee.xml]
2012-03-06 08:36:26,062 WARN [org.springframework.beans.factory.config.CustomEditorConfigurer] - Passing PropertyEditor instances into CustomEditorConfigurer is deprecated: use PropertyEditorRegistrars or PropertyEditor class names instead. Offending key [java.sql.Date; offending editor instance: com.igate.patni.SQLDateEditor@1ec6696
2012-03-06 08:36:26,078 INFO [org.springframework.beans.factory.support.DefaultListableBeanFactory] - Pre-instantiating singletons in org.springframework.beans.factory.support.DefaultListableBeanFactory@1bc887b: defining beans [customEditorConfigurer,employee]; root of factory hierarchy
2012-03-06 08:37:47,671 INFO [org.springframework.beans.factory.xml.XmlBeanDefinitionReader] - Loading XML bean definitions from class path resource [employee.xml]
2012-03-06 08:42:20,628 INFO [org.springframework.context.support.ClassPathXmlApplicationContext] - Refreshing org.springframework.context.support.ClassPathXmlApplicationContext@67ac19: startup date [Tue Mar 06 08:42:20 IST 2012]; root of context hierarchy
2012-03-06 08:42:20,675 INFO [org.springframework.beans.factory.xml.XmlBeanDefinitionReader] - Loading XML bean definitions from class path resource [employee.xml]
2012-03-06 08:42:20,862 WARN [org.springframework.beans.factory.config.CustomEditorConfigurer] - Passing PropertyEditor instances into CustomEditorConfigurer is deprecated: use PropertyEditorRegistrars or PropertyEditor class names instead. Offending key [java.sql.Date; offending editor instance: com.igate.patni.SQLDateEditor@1ec6696
2012-03-06 08:42:20,862 INFO [org.springframework.beans.factory.support.DefaultListableBeanFactory] - Pre-instantiating singletons in org.springframework.beans.factory.support.DefaultListableBeanFactory@1bc887b: defining beans [customEditorConfigurer,employee]; root of factory hierarchy
2012-03-06 10:33:56,219 INFO [org.springframework.context.support.ClassPathXmlApplicationContext] - Refreshing org.springframework.context.support.ClassPathXmlApplicationContext@53c015: startup date [Tue Mar 06 10:33:56 IST 2012]; root of context hierarchy
2012-03-06 10:33:56,265 INFO [org.springframework.beans.factory.xml.XmlBeanDefinitionReader] - Loading XML bean definitions from class path resource [employee.xml]
2012-03-06 10:33:56,453 WARN [org.springframework.beans.factory.config.CustomEditorConfigurer] - Passing PropertyEditor instances into CustomEditorConfigurer is deprecated: use PropertyEditorRegistrars or PropertyEditor class names instead. Offending key [java.sql.Date; offending editor instance: com.igate.patni.SQLDateEditor@1c247a0
2012-03-06 10:33:56,453 INFO [org.springframework.beans.factory.support.DefaultListableBeanFactory] - Pre-instantiating singletons in org.springframework.beans.factory.support.DefaultListableBeanFactory@1808199: defining beans [customEditorConfigurer,employee]; root of factory hierarchy
2012-04-12 15:11:34,357 INFO [org.springframework.context.support.ClassPathXmlApplicationContext] - Refreshing org.springframework.context.support.ClassPathXmlApplicationContext@67ac19: startup date [Thu Apr 12 15:11:34 IST 2012]; root of context hierarchy
2012-04-12 15:11:34,451 INFO [org.springframework.beans.factory.xml.XmlBeanDefinitionReader] - Loading XML bean definitions from class path resource [employee.xml]
2012-04-12 15:11:34,763 WARN [org.springframework.beans.factory.config.CustomEditorConfigurer] - Passing PropertyEditor instances into CustomEditorConfigurer is deprecated: use PropertyEditorRegistrars or PropertyEditor class names instead. Offending key [java.sql.Date; offending editor instance: com.igate.patni.SQLDateEditor@1c247a0
2012-04-12 15:11:34,763 INFO [org.springframework.beans.factory.support.DefaultListableBeanFactory] - Pre-instantiating singletons in org.springframework.beans.factory.support.DefaultListableBeanFactory@1808199: defining beans [customEditorConfigurer,employee]; root of factory hierarchy
2012-04-12 15:12:06,544 INFO [org.springframework.context.support.ClassPathXmlApplicationContext] - Refreshing org.springframework.context.support.ClassPathXmlApplicationContext@67ac19: startup date [Thu Apr 12 15:12:06 IST 2012]; root of context hierarchy
2012-04-12 15:12:06,591 INFO [org.springframework.beans.factory.xml.XmlBeanDefinitionReader] - Loading XML bean definitions from class path resource [employee.xml]
2012-04-12 15:12:06,763 WARN [org.springframework.beans.factory.config.CustomEditorConfigurer] - Passing PropertyEditor instances into CustomEditorConfigurer is deprecated: use PropertyEditorRegistrars or PropertyEditor class names instead. Offending key [java.sql.Date; offending editor instance: com.igate.patni.SQLDateEditor@1c247a0
2012-04-12 15:12:06,763 INFO [org.springframework.beans.factory.support.DefaultListableBeanFactory] - Pre-instantiating singletons in org.springframework.beans.factory.support.DefaultListableBeanFactory@1808199: defining beans [customEditorConfigurer,employee]; root of factory hierarchy
2012-04-12 15:12:29,294 INFO [org.springframework.context.support.ClassPathXmlApplicationContext] - Refreshing org.springframework.context.support.ClassPathXmlApplicationContext@53ba3d: startup date [Thu Apr 12 15:12:29 IST 2012]; root of context hierarchy
2012-04-12 15:12:29,341 INFO [org.springframework.beans.factory.xml.XmlBeanDefinitionReader] - Loading XML bean definitions from class path resource [employee.xml]
2012-04-12 15:12:29,559 WARN [org.springframework.beans.factory.config.CustomEditorConfigurer] - Passing PropertyEditor instances into CustomEditorConfigurer is deprecated: use PropertyEditorRegistrars or PropertyEditor class names instead. Offending key [java.sql.Date; offending editor instance: com.igate.patni.SQLDateEditor@1ec6696
2012-04-12 15:12:29,559 INFO [org.springframework.beans.factory.support.DefaultListableBeanFactory] - Pre-instantiating singletons in org.springframework.beans.factory.support.DefaultListableBeanFactory@1bc887b: defining beans [customEditorConfigurer,employee]; root of factory hierarchy
2012-06-07 12:07:53,053 INFO [org.springframework.context.support.ClassPathXmlApplicationContext] - Refreshing org.springframework.context.support.ClassPathXmlApplicationContext@67ac19: startup date [Thu Jun 07 12:07:53 IST 2012]; root of context hierarchy
2012-06-07 12:07:53,116 INFO [org.springframework.beans.factory.xml.XmlBeanDefinitionReader] - Loading XML bean definitions from class path resource [employee.xml]
2012-06-07 12:07:53,397 WARN [org.springframework.beans.factory.config.CustomEditorConfigurer] - Passing PropertyEditor instances into CustomEditorConfigurer is deprecated: use PropertyEditorRegistrars or PropertyEditor class names instead. Offending key [java.sql.Date; offending editor instance: com.igate.patni.SQLDateEditor@1c247a0
2012-06-07 12:07:53,397 INFO [org.springframework.beans.factory.support.DefaultListableBeanFactory] - Pre-instantiating singletons in org.springframework.beans.factory.support.DefaultListableBeanFactory@1808199: defining beans [customEditorConfigurer,employee]; root of factory hierarchy
2012-07-06 11:42:40,562 INFO [org.springframework.context.support.ClassPathXmlApplicationContext] - Refreshing org.springframework.context.support.ClassPathXmlApplicationContext@53ba3d: startup date [Fri Jul 06 11:42:40 IST 2012]; root of context hierarchy
2012-07-06 11:42:40,625 INFO [org.springframework.beans.factory.xml.XmlBeanDefinitionReader] - Loading XML bean definitions from class path resource [employee.xml]
2012-07-06 11:42:40,890 WARN [org.springframework.beans.factory.config.CustomEditorConfigurer] - Passing PropertyEditor instances into CustomEditorConfigurer is deprecated: use PropertyEditorRegistrars or PropertyEditor class names instead. Offending key [java.sql.Date; offending editor instance: com.igate.patni.SQLDateEditor@1ec6696
2012-07-06 11:42:40,890 INFO [org.springframework.beans.factory.support.DefaultListableBeanFactory] - Pre-instantiating singletons in org.springframework.beans.factory.support.DefaultListableBeanFactory@1bc887b: defining beans [customEditorConfigurer,employee]; root of factory hierarchy
2012-07-06 11:43:12,140 INFO [org.springframework.context.support.ClassPathXmlApplicationContext] - Refreshing org.springframework.context.support.ClassPathXmlApplicationContext@53ba3d: startup date [Fri Jul 06 11:43:12 IST 2012]; root of context hierarchy
2012-07-06 11:43:12,187 INFO [org.springframework.beans.factory.xml.XmlBeanDefinitionReader] - Loading XML bean definitions from class path resource [employee.xml]
2012-07-06 11:43:39,280 INFO [org.springframework.context.support.ClassPathXmlApplicationContext] - Refreshing org.springframework.context.support.ClassPathXmlApplicationContext@53ba3d: startup date [Fri Jul 06 11:43:39 IST 2012]; root of context hierarchy
2012-07-06 11:43:39,373 INFO [org.springframework.beans.factory.xml.XmlBeanDefinitionReader] - Loading XML bean definitions from class path resource [employee.xml]
2012-07-06 11:43:39,655 WARN [org.springframework.beans.factory.config.CustomEditorConfigurer] - Passing PropertyEditor instances into CustomEditorConfigurer is deprecated: use PropertyEditorRegistrars or PropertyEditor class names instead. Offending key [java.sql.Date; offending editor instance: com.igate.patni.SQLDateEditor@1ec6696
2012-07-06 11:43:39,655 INFO [org.springframework.beans.factory.support.DefaultListableBeanFactory] - Pre-instantiating singletons in org.springframework.beans.factory.support.DefaultListableBeanFactory@1bc887b: defining beans [customEditorConfigurer,employee]; root of factory hierarchy
2012-08-03 10:08:14,103 INFO [org.springframework.context.support.ClassPathXmlApplicationContext] - Refreshing org.springframework.context.support.ClassPathXmlApplicationContext@67ac19: startup date [Fri Aug 03 10:08:14 IST 2012]; root of context hierarchy
2012-08-03 10:08:14,165 INFO [org.springframework.beans.factory.xml.XmlBeanDefinitionReader] - Loading XML bean definitions from class path resource [employee.xml]
2012-08-03 10:08:14,447 WARN [org.springframework.beans.factory.config.CustomEditorConfigurer] - Passing PropertyEditor instances into CustomEditorConfigurer is deprecated: use PropertyEditorRegistrars or PropertyEditor class names instead. Offending key [java.sql.Date; offending editor instance: com.igate.patni.SQLDateEditor@1ec6696
2012-08-03 10:08:14,447 INFO [org.springframework.beans.factory.support.DefaultListableBeanFactory] - Pre-instantiating singletons in org.springframework.beans.factory.support.DefaultListableBeanFactory@1bc887b: defining beans [customEditorConfigurer,employee]; root of factory hierarchy
2013-05-22 16:44:23,421 INFO [org.springframework.context.support.ClassPathXmlApplicationContext] - Refreshing org.springframework.context.support.ClassPathXmlApplicationContext@67ac19: startup date [Wed May 22 16:44:23 IST 2013]; root of context hierarchy
2013-05-22 16:44:23,468 INFO [org.springframework.beans.factory.xml.XmlBeanDefinitionReader] - Loading XML bean definitions from class path resource [employee.xml]
2013-05-22 16:44:23,687 WARN [org.springframework.beans.factory.config.CustomEditorConfigurer] - Passing PropertyEditor instances into CustomEditorConfigurer is deprecated: use PropertyEditorRegistrars or PropertyEditor class names instead. Offending key [java.sql.Date; offending editor instance: com.igate.patni.SQLDateEditor@1431340
2013-05-22 16:44:23,702 INFO [org.springframework.beans.factory.support.DefaultListableBeanFactory] - Pre-instantiating singletons in org.springframework.beans.factory.support.DefaultListableBeanFactory@a46701: defining beans [customEditorConfigurer,employee]; root of factory hierarchy
2013-05-22 16:55:24,143 INFO [org.springframework.context.support.ClassPathXmlApplicationContext] - Refreshing org.springframework.context.support.ClassPathXmlApplicationContext@67ac19: startup date [Wed May 22 16:55:24 IST 2013]; root of context hierarchy
2013-05-22 16:55:24,237 INFO [org.springframework.beans.factory.xml.XmlBeanDefinitionReader] - Loading XML bean definitions from class path resource [employee.xml]
2013-05-22 16:55:24,658 WARN [org.springframework.beans.factory.config.CustomEditorConfigurer] - Passing PropertyEditor instances into CustomEditorConfigurer is deprecated: use PropertyEditorRegistrars or PropertyEditor class names instead. Offending key [java.sql.Date; offending editor instance: com.igate.patni.SQLDateEditor@1431340
2013-05-22 16:55:24,658 INFO [org.springframework.beans.factory.support.DefaultListableBeanFactory] - Pre-instantiating singletons in org.springframework.beans.factory.support.DefaultListableBeanFactory@a46701: defining beans [customEditorConfigurer,employee]; root of factory hierarchy
2013-05-22 16:58:22,889 INFO [org.springframework.context.support.ClassPathXmlApplicationContext] - Refreshing org.springframework.context.support.ClassPathXmlApplicationContext@67ac19: startup date [Wed May 22 16:58:22 IST 2013]; root of context hierarchy
2013-05-22 16:58:22,983 INFO [org.springframework.beans.factory.xml.XmlBeanDefinitionReader] - Loading XML bean definitions from class path resource [employee.xml]
2013-05-22 16:58:23,217 INFO [org.springframework.beans.factory.support.DefaultListableBeanFactory] - Destroying singletons in org.springframework.beans.factory.support.DefaultListableBeanFactory@166a22b: defining beans [customEditorConfigurer,employee]; root of factory hierarchy
2013-05-22 16:58:54,244 INFO [org.springframework.context.support.ClassPathXmlApplicationContext] - Refreshing org.springframework.context.support.ClassPathXmlApplicationContext@67ac19: startup date [Wed May 22 16:58:54 IST 2013]; root of context hierarchy
2013-05-22 16:58:54,307 INFO [org.springframework.beans.factory.xml.XmlBeanDefinitionReader] - Loading XML bean definitions from class path resource [employee.xml]
2013-05-22 16:58:54,478 WARN [org.springframework.beans.factory.config.CustomEditorConfigurer] - Passing PropertyEditor instances into CustomEditorConfigurer is deprecated: use PropertyEditorRegistrars or PropertyEditor class names instead. Offending key [java.sql.Date; offending editor instance: com.igate.bfpp.SQLDateEditor@1431340
2013-05-22 16:58:54,494 INFO [org.springframework.beans.factory.support.DefaultListableBeanFactory] - Pre-instantiating singletons in org.springframework.beans.factory.support.DefaultListableBeanFactory@a46701: defining beans [customEditorConfigurer,employee]; root of factory hierarchy
2013-05-22 17:00:35,649 INFO [org.springframework.context.support.ClassPathXmlApplicationContext] - Refreshing org.springframework.context.support.ClassPathXmlApplicationContext@67ac19: startup date [Wed May 22 17:00:35 IST 2013]; root of context hierarchy
2013-05-22 17:00:35,695 INFO [org.springframework.beans.factory.xml.XmlBeanDefinitionReader] - Loading XML bean definitions from class path resource [employee.xml]
2013-05-22 17:00:35,867 WARN [org.springframework.beans.factory.config.CustomEditorConfigurer] - Passing PropertyEditor instances into CustomEditorConfigurer is deprecated: use PropertyEditorRegistrars or PropertyEditor class names instead. Offending key [java.sql.Date; offending editor instance: com.igate.bfpp.SQLDateEditor@a4e2e3
2013-05-22 17:00:35,883 INFO [org.springframework.beans.factory.support.DefaultListableBeanFactory] - Pre-instantiating singletons in org.springframework.beans.factory.support.DefaultListableBeanFactory@166a22b: defining beans [customEditorConfigurer,employee]; root of factory hierarchy
2013-06-11 23:40:01,796 INFO [org.springframework.context.support.ClassPathXmlApplicationContext] - Refreshing org.springframework.context.support.ClassPathXmlApplicationContext@67ac19: startup date [Tue Jun 11 23:40:01 IST 2013]; root of context hierarchy
2013-06-11 23:40:01,921 INFO [org.springframework.beans.factory.xml.XmlBeanDefinitionReader] - Loading XML bean definitions from class path resource [user.xml]
2013-06-11 23:40:02,140 INFO [org.springframework.beans.factory.config.PropertyPlaceholderConfigurer] - Loading properties file from class path resource [user.properties]
2013-06-11 23:40:02,156 INFO [org.springframework.beans.factory.support.DefaultListableBeanFactory] - Pre-instantiating singletons in org.springframework.beans.factory.support.DefaultListableBeanFactory@16df84b: defining beans [user,placeHolderConfig]; root of factory hierarchy
2013-06-20 11:29:35,907 INFO [org.springframework.context.support.ClassPathXmlApplicationContext] - Refreshing org.springframework.context.support.ClassPathXmlApplicationContext@53ba3d: startup date [Thu Jun 20 11:29:35 IST 2013]; root of context hierarchy
2013-06-20 11:29:35,985 INFO [org.springframework.beans.factory.xml.XmlBeanDefinitionReader] - Loading XML bean definitions from class path resource [employee.xml]
2013-06-20 11:29:36,172 WARN [org.springframework.beans.factory.config.CustomEditorConfigurer] - Passing PropertyEditor instances into CustomEditorConfigurer is deprecated: use PropertyEditorRegistrars or PropertyEditor class names instead. Offending key [java.sql.Date; offending editor instance: com.igate.patni.SQLDateEditor@a4e2e3
2013-06-20 11:29:36,188 INFO [org.springframework.beans.factory.support.DefaultListableBeanFactory] - Pre-instantiating singletons in org.springframework.beans.factory.support.DefaultListableBeanFactory@166a22b: defining beans [customEditorConfigurer,employee]; root of factory hierarchy
2015-06-02 11:11:22,462 INFO [org.springframework.context.support.ClassPathXmlApplicationContext] - Refreshing org.springframework.context.support.ClassPathXmlApplicationContext@106e922: startup date [Tue Jun 02 11:11:22 IST 2015]; root of context hierarchy
2015-06-02 11:11:22,524 INFO [org.springframework.beans.factory.xml.XmlBeanDefinitionReader] - Loading XML bean definitions from class path resource [employee.xml]
2015-06-02 11:14:10,086 INFO [org.springframework.context.support.ClassPathXmlApplicationContext] - Refreshing org.springframework.context.support.ClassPathXmlApplicationContext@1327b79: startup date [Tue Jun 02 11:14:10 IST 2015]; root of context hierarchy
2015-06-02 11:14:10,226 INFO [org.springframework.beans.factory.xml.XmlBeanDefinitionReader] - Loading XML bean definitions from class path resource [employee.xml]
2015-06-02 11:14:32,911 INFO [org.springframework.context.support.ClassPathXmlApplicationContext] - Refreshing org.springframework.context.support.ClassPathXmlApplicationContext@1327b79: startup date [Tue Jun 02 11:14:32 IST 2015]; root of context hierarchy
2015-06-02 11:14:32,974 INFO [org.springframework.beans.factory.xml.XmlBeanDefinitionReader] - Loading XML bean definitions from class path resource [employee.xml]
2015-06-03 14:58:58,985 INFO [org.springframework.context.support.ClassPathXmlApplicationContext] - Refreshing org.springframework.context.support.ClassPathXmlApplicationContext@1327b79: startup date [Wed Jun 03 14:58:58 IST 2015]; root of context hierarchy
2015-06-03 14:58:59,170 INFO [org.springframework.beans.factory.xml.XmlBeanDefinitionReader] - Loading XML bean definitions from class path resource [employee.xml]
2015-06-08 10:04:38,870 INFO [org.springframework.context.support.ClassPathXmlApplicationContext] - Refreshing org.springframework.context.support.ClassPathXmlApplicationContext@1327b79: startup date [Mon Jun 08 10:04:38 IST 2015]; root of context hierarchy
2015-06-08 10:04:39,089 INFO [org.springframework.beans.factory.xml.XmlBeanDefinitionReader] - Loading XML bean definitions from class path resource [employee.xml]
2015-06-08 10:05:03,349 INFO [org.springframework.context.support.ClassPathXmlApplicationContext] - Refreshing org.springframework.context.support.ClassPathXmlApplicationContext@1327b79: startup date [Mon Jun 08 10:05:03 IST 2015]; root of context hierarchy
2015-06-08 10:05:03,427 INFO [org.springframework.beans.factory.xml.XmlBeanDefinitionReader] - Loading XML bean definitions from class path resource [employee.xml]
